# JRE version: OpenJDK Runtime Environment Temurin-17.0.7+7 (17.0.7+7) (build 17.0.7+7)
# Java VM: OpenJDK 64-Bit Server VM Temurin-17.0.7+7 (17.0.7+7, mixed mode, tiered, compressed oops, compressed class ptrs, g1 gc, windows-amd64)
GC Precious Log:
 CPUs: 4 total, 4 available
 Memory: 3986M
 Large Page Support: Disabled
 NUMA Support: Disabled
 Compressed Oops: Enabled (32-bit)
 Heap Region Size: 1M
 Heap Min Capacity: 8M
 Heap Initial Capacity: 64M
 Heap Max Capacity: 998M
 Pre-touch: Disabled
 Parallel Workers: 4
 Concurrent Workers: 1
 Concurrent Refinement Workers: 4
 Periodic GC: Disabled
Heap:
 garbage-first heap   total 546816K, used 529937K [0x00000000c1a00000, 0x0000000100000000)
  region size 1024K, 24 young (24576K), 3 survivors (3072K)
 Metaspace       used 15942K, committed 16320K, reserved 1114112K
  class space    used 1517K, committed 1664K, reserved 1048576K
GC Heap History (20 events):
Event: 1557.943 GC heap before
{Heap before GC invocations=855 (full 0):
 garbage-first heap   total 546816K, used 529217K [0x00000000c1a00000, 0x0000000100000000)
  region size 1024K, 26 young (26624K), 3 survivors (3072K)
 Metaspace       used 15942K, committed 16320K, reserved 1114112K
  class space    used 1517K, committed 1664K, reserved 1048576K
}
Event: 1557.958 GC heap after
{Heap after GC invocations=856 (full 0):
 garbage-first heap   total 546816K, used 506060K [0x00000000c1a00000, 0x0000000100000000)
  region size 1024K, 3 young (3072K), 3 survivors (3072K)
 Metaspace       used 15942K, committed 16320K, reserved 1114112K
  class space    used 1517K, committed 1664K, reserved 1048576K
}
Event: 1558.758 GC heap before
{Heap before GC invocations=856 (full 0):
 garbage-first heap   total 546816K, used 529612K [0x00000000c1a00000, 0x0000000100000000)
  region size 1024K, 26 young (26624K), 3 survivors (3072K)
 Metaspace       used 15942K, committed 16320K, reserved 1114112K
  class space    used 1517K, committed 1664K, reserved 1048576K
}
Event: 1558.791 GC heap after
{Heap after GC invocations=857 (full 0):
 garbage-first heap   total 546816K, used 506668K [0x00000000c1a00000, 0x0000000100000000)
  region size 1024K, 3 young (3072K), 3 survivors (3072K)
 Metaspace       used 15942K, committed 16320K, reserved 1114112K
  class space    used 1517K, committed 1664K, reserved 1048576K
}
Event: 1559.567 GC heap before
{Heap before GC invocations=857 (full 0):
 garbage-first heap   total 546816K, used 530220K [0x00000000c1a00000, 0x0000000100000000)
  region size 1024K, 26 young (26624K), 3 survivors (3072K)
 Metaspace       used 15942K, committed 16320K, reserved 1114112K
  class space    used 1517K, committed 1664K, reserved 1048576K
}
Event: 1559.601 GC heap after
{Heap after GC invocations=858 (full 0):
 garbage-first heap   total 546816K, used 507152K [0x00000000c1a00000, 0x0000000100000000)
  region size 1024K, 3 young (3072K), 3 survivors (3072K)
 Metaspace       used 15942K, committed 16320K, reserved 1114112K
  class space    used 1517K, committed 1664K, reserved 1048576K
}
Event: 1560.563 GC heap before
{Heap before GC invocations=858 (full 0):
 garbage-first heap   total 546816K, used 530704K [0x00000000c1a00000, 0x0000000100000000)
  region size 1024K, 26 young (26624K), 3 survivors (3072K)
 Metaspace       used 15942K, committed 16320K, reserved 1114112K
  class space    used 1517K, committed 1664K, reserved 1048576K
}
Event: 1560.573 GC heap after
{Heap after GC invocations=859 (full 0):
 garbage-first heap   total 546816K, used 507629K [0x00000000c1a00000, 0x0000000100000000)
  region size 1024K, 3 young (3072K), 3 survivors (3072K)
 Metaspace       used 15942K, committed 16320K, reserved 1114112K
  class space    used 1517K, committed 1664K, reserved 1048576K
}
Event: 1562.124 GC heap before
{Heap before GC invocations=859 (full 0):
 garbage-first heap   total 546816K, used 531181K [0x00000000c1a00000, 0x0000000100000000)
  region size 1024K, 26 young (26624K), 3 survivors (3072K)
 Metaspace       used 15942K, committed 16320K, reserved 1114112K
  class space    used 1517K, committed 1664K, reserved 1048576K
}
Event: 1562.139 GC heap after
{Heap after GC invocations=860 (full 0):
 garbage-first heap   total 546816K, used 508090K [0x00000000c1a00000, 0x0000000100000000)
  region size 1024K, 3 young (3072K), 3 survivors (3072K)
 Metaspace       used 15942K, committed 16320K, reserved 1114112K
  class space    used 1517K, committed 1664K, reserved 1048576K
}
Event: 1563.000 GC heap before
{Heap before GC invocations=860 (full 0):
 garbage-first heap   total 546816K, used 531642K [0x00000000c1a00000, 0x0000000100000000)
  region size 1024K, 26 young (26624K), 3 survivors (3072K)
 Metaspace       used 15942K, committed 16320K, reserved 1114112K
  class space    used 1517K, committed 1664K, reserved 1048576K
}
Event: 1563.012 GC heap after
{Heap after GC invocations=861 (full 0):
 garbage-first heap   total 546816K, used 508498K [0x00000000c1a00000, 0x0000000100000000)
  region size 1024K, 3 young (3072K), 3 survivors (3072K)
 Metaspace       used 15942K, committed 16320K, reserved 1114112K
  class space    used 1517K, committed 1664K, reserved 1048576K
}
Event: 1564.249 GC heap before
{Heap before GC invocations=861 (full 0):
 garbage-first heap   total 546816K, used 532050K [0x00000000c1a00000, 0x0000000100000000)
  region size 1024K, 26 young (26624K), 3 survivors (3072K)
 Metaspace       used 15942K, committed 16320K, reserved 1114112K
  class space    used 1517K, committed 1664K, reserved 1048576K
}
Event: 1564.257 GC heap after
{Heap after GC invocations=862 (full 0):
 garbage-first heap   total 546816K, used 509114K [0x00000000c1a00000, 0x0000000100000000)
  region size 1024K, 3 young (3072K), 3 survivors (3072K)
 Metaspace       used 15942K, committed 16320K, reserved 1114112K
  class space    used 1517K, committed 1664K, reserved 1048576K
}
Event: 1565.797 GC heap before
{Heap before GC invocations=862 (full 0):
 garbage-first heap   total 546816K, used 531642K [0x00000000c1a00000, 0x0000000100000000)
  region size 1024K, 26 young (26624K), 3 survivors (3072K)
 Metaspace       used 15942K, committed 16320K, reserved 1114112K
  class space    used 1517K, committed 1664K, reserved 1048576K
}
Event: 1565.808 GC heap after
{Heap after GC invocations=863 (full 0):
 garbage-first heap   total 546816K, used 509590K [0x00000000c1a00000, 0x0000000100000000)
  region size 1024K, 3 young (3072K), 3 survivors (3072K)
 Metaspace       used 15942K, committed 16320K, reserved 1114112K
  class space    used 1517K, committed 1664K, reserved 1048576K
}
Event: 1567.234 GC heap before
{Heap before GC invocations=863 (full 0):
 garbage-first heap   total 546816K, used 533142K [0x00000000c1a00000, 0x0000000100000000)
  region size 1024K, 26 young (26624K), 3 survivors (3072K)
 Metaspace       used 15942K, committed 16320K, reserved 1114112K
  class space    used 1517K, committed 1664K, reserved 1048576K
}
Event: 1567.257 GC heap after
{Heap after GC invocations=864 (full 0):
 garbage-first heap   total 546816K, used 510098K [0x00000000c1a00000, 0x0000000100000000)
  region size 1024K, 3 young (3072K), 3 survivors (3072K)
 Metaspace       used 15942K, committed 16320K, reserved 1114112K
  class space    used 1517K, committed 1664K, reserved 1048576K
}
Event: 1568.651 GC heap before
{Heap before GC invocations=864 (full 0):
 garbage-first heap   total 546816K, used 533650K [0x00000000c1a00000, 0x0000000100000000)
  region size 1024K, 26 young (26624K), 3 survivors (3072K)
 Metaspace       used 15942K, committed 16320K, reserved 1114112K
  class space    used 1517K, committed 1664K, reserved 1048576K
}
Event: 1568.666 GC heap after
{Heap after GC invocations=865 (full 0):
 garbage-first heap   total 546816K, used 510481K [0x00000000c1a00000, 0x0000000100000000)
  region size 1024K, 3 young (3072K), 3 survivors (3072K)
 Metaspace       used 15942K, committed 16320K, reserved 1114112K
  class space    used 1517K, committed 1664K, reserved 1048576K
}

