<?xml version="1.0" encoding="UTF-8"?>
<testng-results ignored="0" total="1" passed="1" failed="0" skipped="0">
  <reporter-output>
  </reporter-output>
  <suite started-at="2024-01-02T18:01:38 IST" name="Default suite" finished-at="2024-01-02T18:01:39 IST" duration-ms="155">
    <groups>
    </groups>
    <test started-at="2024-01-02T18:01:38 IST" name="Default test" finished-at="2024-01-02T18:01:39 IST" duration-ms="155">
      <class name="Practice.ReadDataFromCmdLine">
        <test-method signature="data()[pri:0, instance:Practice.ReadDataFromCmdLine@543295b0]" started-at="2024-01-02T18:01:39 IST" name="data" finished-at="2024-01-02T18:01:39 IST" duration-ms="22" status="PASS">
          <reporter-output>
          </reporter-output>
        </test-method> <!-- data -->
      </class> <!-- Practice.ReadDataFromCmdLine -->
    </test> <!-- Default test -->
  </suite> <!-- Default suite -->
</testng-results>
